system          > 
system          > ConTeXt  ver: 2026.02.19 11:49 LMTX  fmt: 2026.2.22  int: english/english
system          > 
system          > 'cont-new.mkxl' loaded
open source     > level 1, order 1, name '/home/garfileo/opt/context/tex/texmf-context/tex/context/base/mkxl/cont-new.mkxl'
system          > beware: some patches loaded from cont-new.mkxl
close source    > level 1, order 1, name '/home/garfileo/opt/context/tex/texmf-context/tex/context/base/mkxl/cont-new.mkxl'
system          > files > jobname './snail-tutorial', input './snail-tutorial.tex', result './snail-tutorial'
fonts           > latin modern fonts are not preloaded
languages       > language 'en' is active
open source     > level 1, order 2, name './snail-tutorial.tex'
open source     > level 2, order 3, name 'doc-style.tex'
fonts           > beware: no fonts are loaded yet, using 'lm mono' in box
csname overload > warning, protection level 3, control sequence 'dollar', properties 'immutable', file 'doc-style.tex', line 27
csname overload > warning, protection level 3, control sequence 'startMetapostSnippetName', properties 'frozen instance protected', file 'doc-style.tex', line 126
csname overload > warning, protection level 3, control sequence 'stopMetapostSnippetName', properties 'frozen instance protected', file 'doc-style.tex', line 126
csname overload > warning, protection level 3, control sequence 'MetapostSnippetName', properties 'frozen instance protected', file 'doc-style.tex', line 126
csname overload > warning, protection level 3, control sequence 'startMetapostSnippetNamePrimitive', properties 'frozen instance protected', file 'doc-style.tex', line 130
csname overload > warning, protection level 3, control sequence 'stopMetapostSnippetNamePrimitive', properties 'frozen instance protected', file 'doc-style.tex', line 130
csname overload > warning, protection level 3, control sequence 'MetapostSnippetNamePrimitive', properties 'frozen instance protected', file 'doc-style.tex', line 130
metapost        > initializing instance 'metafun:1' using format 'metafun' and method 'double'
metapost        > loading 'metafun' as '/home/garfileo/opt/context/tex/texmf-context/metapost/context/base/mpxl/metafun.mpxl' using method 'double'
metapost        > initializing number mode 'double'
metapost        > trace > This is MPLIB for LuaMetaTeX, version 3.15, running in double mode.
metapost        > trace > 
metapost        > trace > loading metafun for lmtx, including the plain 1.004 base definitions
metapost        > trace > 
close source    > level 2, order 3, name 'doc-style.tex'
fonts           > preloading latin modern fonts (second stage)
fonts           > 'fallback modern rm 12pt' is loaded
structures      > bookmark: The Snail Module
structure       > sectioning > title @ level 2 : 0.0 -> The Snail Module
structures      > bookmark: Introduction
structure       > sectioning > subject @ level 3 : 0.0.0 -> Introduction
pages           > flushing realpage 1, userpage 1, subpage 1
structures      > bookmark: First Snail Diagram
structure       > sectioning > section @ level 3 : 0.0.1 -> First Snail Diagram
graphics        > compactors > registered: preset : default | demo | merge | tikz | yes
graphics        > compactors > using: preset : default
pack quality    > overfull hbox at line 73 - 147 in file './snail-tutorial.tex': snail(a2, "{\darkred\type{context}}") at (3cm, 0); (2.02315pt)
floatblocks     > order disturbed
floatblocks     > '1' placed (force)
structures      > bookmark: Nodes
structure       > sectioning > section @ level 3 : 0.0.2 -> Nodes
pages           > flushing realpage 2, userpage 2, subpage 2
floatblocks     > order disturbed
floatblocks     > '2' placed (force)
structures      > bookmark: Anchors
structure       > sectioning > section @ level 3 : 0.0.3 -> Anchors
floatblocks     > order disturbed
floatblocks     > '3' placed (force)
pack quality    > overfull hbox at line 117 - 118 in file './snail-tutorial.tex': If foo.anchors[0][0] is taken as the single anchor at level 0, then foo.anchors[1][1] (22.64006pt)
pages           > flushing realpage 3, userpage 3, subpage 3
floatblocks     > '4' placed (here)
floatblocks     > '5' placed (here)
floatblocks     > order disturbed
floatblocks     > '6' placed (force)
pages           > flushing realpage 4, userpage 4, subpage 4
pack quality    > overfull hbox at line 95 - 171 in file './snail-tutorial.tex': put (bar, anchors[2][4]) at foo.anchors[2][8] (67.67842pt)
floatblocks     > order disturbed
floatblocks     > '7' placed (force)
floatblocks     > order disturbed
floatblocks     > '8' placed (force)
structures      > bookmark: Regular Paths
structure       > sectioning > section @ level 3 : 0.0.4 -> Regular Paths
pages           > flushing realpage 5, userpage 5, subpage 5
floatblocks     > order disturbed
floatblocks     > '9' placed (force)
floatblocks     > order disturbed
floatblocks     > '10' placed (force)
floatblocks     > order disturbed
floatblocks     > '11' placed (force)
pages           > flushing realpage 6, userpage 6, subpage 6
floatblocks     > order disturbed
floatblocks     > '12' placed (force)
floatblocks     > order disturbed
floatblocks     > '13' placed (force)
pack quality    > overfull hbox at line 202 - 256 in file './snail-tutorial.tex':   drawarrow e withcolor transparent(1, .5, t * red); (21.87614pt)
pack quality    > overfull hbox at line 284 - 338 in file './snail-tutorial.tex':   drawarrow f withcolor transparent(1, .5, t * blue); (27.12326pt)
floatblocks     > order disturbed
floatblocks     > '14' placed (force)
pages           > flushing realpage 7, userpage 7, subpage 7
floatblocks     > order disturbed
floatblocks     > '15' placed (force)
floatblocks     > order disturbed
floatblocks     > '16' placed (force)
structures      > bookmark: Annotation
structure       > sectioning > section @ level 3 : 0.0.5 -> Annotation
pages           > flushing realpage 8, userpage 8, subpage 8
pack quality    > overfull hbox at line 23 - 90 in file './snail-tutorial.tex': road(p1, (0, 0) xyxto (4cm, 3cm)); (5.51675pt)
pack quality    > overfull hbox at line 90 - 161 in file './snail-tutorial.tex': road(p2, (5cm, 0) yxto (8cm, 3cm)); (10.76387pt)
floatblocks     > order disturbed
floatblocks     > '17' placed (force)
floatblocks     > order disturbed
floatblocks     > '18' placed (force)
floatblocks     > order disturbed
floatblocks     > '19' placed (force)
structures      > bookmark: Irregular Nodes
structure       > sectioning > section @ level 3 : 0.0.6 -> Irregular Nodes
pages           > flushing realpage 9, userpage 9, subpage 9
floatblocks     > order disturbed
floatblocks     > '20' placed (force)
pack quality    > overfull hbox at line 104 - 156 in file './snail-tutorial.tex': snailenv.set("frame.shape", "'fullsquare slanted .2'"); (27.33136pt)
floatblocks     > order disturbed
floatblocks     > '21' placed (force)
pages           > flushing realpage 10, userpage 10, subpage 10
floatblocks     > '22' placed (here)
structures      > bookmark: Module Parameters
structure       > sectioning > section @ level 3 : 0.0.7 -> Module Parameters
pages           > flushing realpage 11, userpage 11, subpage 11
structures      > bookmark: Tail Transforms
structure       > sectioning > section @ level 3 : 0.0.8 -> Tail Transforms
pack quality    > overfull hbox at line 433 - 434 in file './snail-tutorial.tex': differ between a2 and a3. The [[[[[[[[[]]]]]][[[[at ...]]][[[[]]]]]]]]statement is equivalent to [[[[[[[[[]]]]]][[[[shifted (...)]]][[[[]]]]]]]], (11.82445pt)
pages           > flushing realpage 12, userpage 12, subpage 12
floatblocks     > order disturbed
floatblocks     > '23' placed (force)
pack quality    > overfull hbox at line 228 - 300 in file './snail-tutorial.tex': tag(p1, "\inframed{$p_1$}") shifted (4pt, -4.5mm); (0.89349pt)
floatblocks     > order disturbed
floatblocks     > '24' placed (force)
structures      > bookmark: Empty node
structure       > sectioning > section @ level 3 : 0.0.9 -> Empty node
pages           > flushing realpage 13, userpage 13, subpage 13
floatblocks     > order disturbed
floatblocks     > '25' placed (force)
structures      > bookmark: A Few Examples
structure       > sectioning > section @ level 3 : 0.0.10 -> A Few Examples
pack quality    > overfull hbox at line 488 - 489 in file './snail-tutorial.tex': The following is an example of a commutative diagram, in which the startsnailway (4.56599pt)
pages           > flushing realpage 14, userpage 14, subpage 14
floatblocks     > '26' placed (here)
structures      > bookmark: Afterword
structure       > sectioning > subject @ level 3 : 0.0.10 -> Afterword
pages           > flushing realpage 15, userpage 15, subpage 15
close source    > level 1, order 3, name './snail-tutorial.tex'
backend         > xmp > using file '/home/garfileo/opt/context/tex/texmf-context/tex/context/base/mkiv/lpdf-pdx.xml'
system          > start used files
system          > text: snail-tutorial
system          > stop used files
system          > start used files
system          >    1: filename=publ-imp-default.lua filetype=lua foundname=/home/garfileo/opt/context/tex/texmf-context/tex/context/base/mkiv/publ-imp-default.lua fullname=/home/garfileo/opt/context/tex/texmf-context/tex/context/base/mkiv/publ-imp-default.lua usedmethod=database
system          >    2: filename=cont-new.mkxl filetype=tex foundname=/home/garfileo/opt/context/tex/texmf-context/tex/context/base/mkxl/cont-new.mkxl fullname=/home/garfileo/opt/context/tex/texmf-context/tex/context/base/mkxl/cont-new.mkxl usedmethod=database
system          >    3: filename=lang-exc.lua filetype=lua foundname=/home/garfileo/opt/context/tex/texmf-context/tex/context/base/mkiv/lang-exc.lua fullname=/home/garfileo/opt/context/tex/texmf-context/tex/context/base/mkiv/lang-exc.lua usedmethod=database
system          >    4: filename=lang-us.lua filetype=lua foundname=/home/garfileo/opt/context/tex/texmf-context/tex/context/patterns/mkiv/lang-us.lua fullname=/home/garfileo/opt/context/tex/texmf-context/tex/context/patterns/mkiv/lang-us.lua usedmethod=database
system          >    5: filename=/home/garfileo/public/github/snail/doc/snail-tutorial.tex format=tex foundname=/home/garfileo/public/github/snail/doc/snail-tutorial.tex fullname=/home/garfileo/public/github/snail/doc/snail-tutorial.tex usedmethod=direct
system          >    6: filename=doc-style.tex format=tex foundname=doc-style.tex fullname=/home/garfileo/public/github/snail/doc/doc-style.tex usedmethod=direct
system          >    7: filename=lmmono10-regular filetype=otf format=otf foundname=/home/garfileo/opt/context/tex/texmf/fonts/data/gust/lm/lmmono10-regular.otf fullname=/home/garfileo/opt/context/tex/texmf/fonts/data/gust/lm/lmmono10-regular.otf usedmethod=database
system          >    8: filename=metafun.mpxl filetype=mp foundname=/home/garfileo/opt/context/tex/texmf-context/metapost/context/base/mpxl/metafun.mpxl fullname=/home/garfileo/opt/context/tex/texmf-context/metapost/context/base/mpxl/metafun.mpxl usedmethod=database
system          >    9: filename=mp-base.mpxl filetype=mp foundname=/home/garfileo/opt/context/tex/texmf-context/metapost/context/base/mpxl/mp-base.mpxl fullname=/home/garfileo/opt/context/tex/texmf-context/metapost/context/base/mpxl/mp-base.mpxl usedmethod=database
system          >   10: filename=mp-tool.mpxl filetype=mp foundname=/home/garfileo/opt/context/tex/texmf-context/metapost/context/base/mpxl/mp-tool.mpxl fullname=/home/garfileo/opt/context/tex/texmf-context/metapost/context/base/mpxl/mp-tool.mpxl usedmethod=database
system          >   11: filename=mp-luas.mpxl filetype=mp foundname=/home/garfileo/opt/context/tex/texmf-context/metapost/context/base/mpxl/mp-luas.mpxl fullname=/home/garfileo/opt/context/tex/texmf-context/metapost/context/base/mpxl/mp-luas.mpxl usedmethod=database
system          >   12: filename=mp-mlib.mpxl filetype=mp foundname=/home/garfileo/opt/context/tex/texmf-context/metapost/context/base/mpxl/mp-mlib.mpxl fullname=/home/garfileo/opt/context/tex/texmf-context/metapost/context/base/mpxl/mp-mlib.mpxl usedmethod=database
system          >   13: filename=mp-math.mpxl filetype=mp foundname=/home/garfileo/opt/context/tex/texmf-context/metapost/context/base/mpxl/mp-math.mpxl fullname=/home/garfileo/opt/context/tex/texmf-context/metapost/context/base/mpxl/mp-math.mpxl usedmethod=database
system          >   14: filename=mp-cont.mpxl filetype=mp foundname=/home/garfileo/opt/context/tex/texmf-context/metapost/context/base/mpxl/mp-cont.mpxl fullname=/home/garfileo/opt/context/tex/texmf-context/metapost/context/base/mpxl/mp-cont.mpxl usedmethod=database
system          >   15: filename=mp-page.mpxl filetype=mp foundname=/home/garfileo/opt/context/tex/texmf-context/metapost/context/base/mpxl/mp-page.mpxl fullname=/home/garfileo/opt/context/tex/texmf-context/metapost/context/base/mpxl/mp-page.mpxl usedmethod=database
system          >   16: filename=mp-butt.mpxl filetype=mp foundname=/home/garfileo/opt/context/tex/texmf-context/metapost/context/base/mpxl/mp-butt.mpxl fullname=/home/garfileo/opt/context/tex/texmf-context/metapost/context/base/mpxl/mp-butt.mpxl usedmethod=database
system          >   17: filename=mp-shap.mpxl filetype=mp foundname=/home/garfileo/opt/context/tex/texmf-context/metapost/context/base/mpxl/mp-shap.mpxl fullname=/home/garfileo/opt/context/tex/texmf-context/metapost/context/base/mpxl/mp-shap.mpxl usedmethod=database
system          >   18: filename=mp-grph.mpxl filetype=mp foundname=/home/garfileo/opt/context/tex/texmf-context/metapost/context/base/mpxl/mp-grph.mpxl fullname=/home/garfileo/opt/context/tex/texmf-context/metapost/context/base/mpxl/mp-grph.mpxl usedmethod=database
system          >   19: filename=mp-grid.mpxl filetype=mp foundname=/home/garfileo/opt/context/tex/texmf-context/metapost/context/base/mpxl/mp-grid.mpxl fullname=/home/garfileo/opt/context/tex/texmf-context/metapost/context/base/mpxl/mp-grid.mpxl usedmethod=database
system          >   20: filename=mp-form.mpxl filetype=mp foundname=/home/garfileo/opt/context/tex/texmf-context/metapost/context/base/mpxl/mp-form.mpxl fullname=/home/garfileo/opt/context/tex/texmf-context/metapost/context/base/mpxl/mp-form.mpxl usedmethod=database
system          >   21: filename=mp-figs.mpxl filetype=mp foundname=/home/garfileo/opt/context/tex/texmf-context/metapost/context/base/mpxl/mp-figs.mpxl fullname=/home/garfileo/opt/context/tex/texmf-context/metapost/context/base/mpxl/mp-figs.mpxl usedmethod=database
system          >   22: filename=mp-func.mpxl filetype=mp foundname=/home/garfileo/opt/context/tex/texmf-context/metapost/context/base/mpxl/mp-func.mpxl fullname=/home/garfileo/opt/context/tex/texmf-context/metapost/context/base/mpxl/mp-func.mpxl usedmethod=database
system          >   23: filename=mp-node.mpxl filetype=mp foundname=/home/garfileo/opt/context/tex/texmf-context/metapost/context/base/mpxl/mp-node.mpxl fullname=/home/garfileo/opt/context/tex/texmf-context/metapost/context/base/mpxl/mp-node.mpxl usedmethod=database
system          >   24: filename=mp-apos.mpxl filetype=mp foundname=/home/garfileo/opt/context/tex/texmf-context/metapost/context/base/mpxl/mp-apos.mpxl fullname=/home/garfileo/opt/context/tex/texmf-context/metapost/context/base/mpxl/mp-apos.mpxl usedmethod=database
system          >   25: filename=mp-abck.mpxl filetype=mp foundname=/home/garfileo/opt/context/tex/texmf-context/metapost/context/base/mpxl/mp-abck.mpxl fullname=/home/garfileo/opt/context/tex/texmf-context/metapost/context/base/mpxl/mp-abck.mpxl usedmethod=database
system          >   26: filename=mp-asnc.mpxl filetype=mp foundname=/home/garfileo/opt/context/tex/texmf-context/metapost/context/base/mpxl/mp-asnc.mpxl fullname=/home/garfileo/opt/context/tex/texmf-context/metapost/context/base/mpxl/mp-asnc.mpxl usedmethod=database
system          >   27: filename=mp-blob.mpxl filetype=mp foundname=/home/garfileo/opt/context/tex/texmf-context/metapost/context/base/mpxl/mp-blob.mpxl fullname=/home/garfileo/opt/context/tex/texmf-context/metapost/context/base/mpxl/mp-blob.mpxl usedmethod=database
system          >   28: filename=mp-lmtx.mpxl filetype=mp foundname=/home/garfileo/opt/context/tex/texmf-context/metapost/context/base/mpxl/mp-lmtx.mpxl fullname=/home/garfileo/opt/context/tex/texmf-context/metapost/context/base/mpxl/mp-lmtx.mpxl usedmethod=database
system          >   29: filename=mp-text.mpxl filetype=mp foundname=/home/garfileo/opt/context/tex/texmf-context/metapost/context/base/mpxl/mp-text.mpxl fullname=/home/garfileo/opt/context/tex/texmf-context/metapost/context/base/mpxl/mp-text.mpxl usedmethod=database
system          >   30: filename=context-libraries.tma filetype=lua foundname=/home/garfileo/opt/context/tex/texmf-context/tex/context/base/mkxl/context-libraries.tma fullname=/home/garfileo/opt/context/tex/texmf-context/tex/context/base/mkxl/context-libraries.tma usedmethod=database
system          >   31: filename=lm.lfg filetype=tex foundname=/home/garfileo/opt/context/tex/texmf-context/tex/context/fonts/mkiv/lm.lfg fullname=/home/garfileo/opt/context/tex/texmf-context/tex/context/fonts/mkiv/lm.lfg usedmethod=database
system          >   32: filename=lmroman10-regular filetype=otf format=otf foundname=/home/garfileo/opt/context/tex/texmf/fonts/data/gust/lm/lmroman10-regular.otf fullname=/home/garfileo/opt/context/tex/texmf/fonts/data/gust/lm/lmroman10-regular.otf usedmethod=database
system          >   33: filename=modern-text.lfg filetype=tex foundname=/home/garfileo/opt/context/tex/texmf-context/tex/context/fonts/mkiv/modern-text.lfg fullname=/home/garfileo/opt/context/tex/texmf-context/tex/context/fonts/mkiv/modern-text.lfg usedmethod=database
system          >   34: filename=latinmodern-math.otf filetype=otf format=otf foundname=/home/garfileo/opt/context/tex/texmf/fonts/data/gust/lm/latinmodern-math.otf fullname=/home/garfileo/opt/context/tex/texmf/fonts/data/gust/lm/latinmodern-math.otf usedmethod=database
system          >   35: filename=modern-math.lfg filetype=tex foundname=/home/garfileo/opt/context/tex/texmf-context/tex/context/fonts/mkiv/modern-math.lfg fullname=/home/garfileo/opt/context/tex/texmf-context/tex/context/fonts/mkiv/modern-math.lfg usedmethod=database
system          >   36: filename=common-math.lfg filetype=tex foundname=/home/garfileo/opt/context/tex/texmf-context/tex/context/fonts/mkiv/common-math.lfg fullname=/home/garfileo/opt/context/tex/texmf-context/tex/context/fonts/mkiv/common-math.lfg usedmethod=database
system          >   37: filename=latinmodernmathcompanion-regular.otf filetype=otf format=otf foundname=/home/garfileo/opt/context/tex/texmf/fonts/data/cms/companion/LatinModernMathCompanion-Regular.otf fullname=/home/garfileo/opt/context/tex/texmf/fonts/data/cms/companion/LatinModernMathCompanion-Regular.otf usedmethod=database
system          >   38: filename=lmroman10-bold filetype=otf format=otf foundname=/home/garfileo/opt/context/tex/texmf/fonts/data/gust/lm/lmroman10-bold.otf fullname=/home/garfileo/opt/context/tex/texmf/fonts/data/gust/lm/lmroman10-bold.otf usedmethod=database
system          >   39: filename=lmmonolt10-bold filetype=otf format=otf foundname=/home/garfileo/opt/context/tex/texmf/fonts/data/gust/lm/lmmonolt10-bold.otf fullname=/home/garfileo/opt/context/tex/texmf/fonts/data/gust/lm/lmmonolt10-bold.otf usedmethod=database
system          >   40: filename=compactors-preset.lua filetype=lua foundname=/home/garfileo/opt/context/tex/texmf-context/tex/context/base/mkxl/compactors-preset.lua fullname=/home/garfileo/opt/context/tex/texmf-context/tex/context/base/mkxl/compactors-preset.lua usedmethod=database
system          >   41: filename=mult-mps.lua filetype=tex format=tex foundname=/home/garfileo/opt/context/tex/texmf-context/tex/context/base/mkiv/mult-mps.lua fullname=/home/garfileo/opt/context/tex/texmf-context/tex/context/base/mkiv/mult-mps.lua usedmethod=database
system          >   42: filename=lpdf-pdx.xml filetype=tex foundname=/home/garfileo/opt/context/tex/texmf-context/tex/context/base/mkiv/lpdf-pdx.xml fullname=/home/garfileo/opt/context/tex/texmf-context/tex/context/base/mkiv/lpdf-pdx.xml usedmethod=database
system          > stop used files
system          > start commandline options
system          >   currentrun="1"
system          >   fulljobname="./snail-tutorial.tex"
system          >   input="./snail-tutorial.tex"
system          >   kindofrun="1"
system          >   maxnofruns="9"
system          >   texmfbinpath="/home/garfileo/opt/context/tex/texmf-linux-64/bin"
system          > stop commandline options
system          > start commandline files
system          >    1: ./snail-tutorial.tex
system          > stop commandline files
modules         > start used modules
modules         > stop used modules
system          > 
system          > status after finishing run
system          > 
system          >   ----------------------------------------------------------------------------------------------------------------------------------------------------------------------------------------------
system          >           string       pool       hash     lookup       node      token     buffer      input       file       nest  parameter       save       font   language       mark     insert        mvl
system          >   ----------------------------------------------------------------------------------------------------------------------------------------------------------------------------------------------
system          >   max    2097152  100000000    2097152    2097152  100000000   10000000  100000000     100000       2000      10000     100000     500000     100000      10000      10000        500        500
system          >   min     150000   10000000     150000     150000   10000000    2000000    1000000      10000        500       1000      20000     100000        250        250         50         25         10
system          >   set     500000   10000000     250000     250000   50000000   10000000   10000000     100000       2000      10000     100000     500000     100000        250        250        250         10
system          >   stp     100000    1000000     100000     100000    5000000    1000000    1000000      10000        250       1000      10000      10000        250        250         50         25         10
system          > 
system          >   mem     150000    1045333     150000              10000000    2000000    1000000      10000        500       1000      20000      10000        250        250         50         25         10
system          >   itm         16          1         16                     9          8          1         32         32        112          4         16          8          8         28         72        112
system          >   ext          0          0          0          0       1032          0          0          0          0          0          0          0    2690960         96          0          0          0
system          >   all    2400000    1045333    2400000          1   90001032   16000000    1000000     320000      16000     112000      80000     160000    2692960       2096       1400       1800       1120
system          > 
system          >   ini    2150383    1023253          0      53214          0     587007                                                                                       0                                 
system          >   ptr      54145                  8236      54128                406506          0          0          0          0          0          0         11          0         28         11          0
system          >   top      54146                495862     262146      60439     601623        792         38         11         16         42        396        250        250         50         25         10
system          >   ----------------------------------------------------------------------------------------------------------------------------------------------------------------------------------------------
system          > 
system          >   current input type    : initial
system          > 
system          >   approximate memory    : 119256061 (113 MB)
system          > 
system          >   expansion depth       : min: 10000, max: 1000000, set: 10000, top: 9
system          > 
system          >   luabytecode registers : 1032
system          >   luabytecode bytes     : 16528 (0 MB)
system          >   luastate bytes now    : 49264658 (46 MB)
system          >   luastate bytes max    : 59752309 (56 MB)
system          > 
system          >   file callbacks        : 701
system          >   saved callbacks       : 3672
system          >   direct callbacks      : 52
system          >   function callbacks    : 5082
system          >   value callbacks       : 1349
system          >   message callbacks     : 0
system          >   bytecode callbacks    : 638
system          > 
system          >   mp instances          : 1
system          >   mp estimated memory   : 0 (0 MB)
system          >   mp file callbacks     : 15732
system          >   mp text callbacks     : 0
system          >   mp script callbacks   : 613
system          >   mp log callbacks      : 314
system          > 
system          >   total callbacks       : 11494
system          >   mp total callbacks    : 16659
system          >   backend callbacks     : 0
system          > 
system          >   linebreak statistics  : context      calls     first    second     final  passonly   subpass
system          > 
system          >   linebreak statistics  : normal         406       406         0        62         0         0
system          >   linebreak statistics  : vbox           261       261         0         1         0         0
system          > 
system          >   linebreak statistics  :                667       667         0        63         0         0
system          > 
system          >   hyphenation state     : checked         542
system          >   hyphenation state     : exceptions        6
system          >   hyphenation state     : hyphenated      713
system          >   hyphenation state     : lists           542
system          >   hyphenation state     : nothing         357
system          >   hyphenation state     : words          1119
system          > 
mkxl run stats  > used config file: selfautoparent:/texmf/web2c/texmfcnf.lua
mkxl run stats  > used cache path: /home/garfileo/opt/context/tex/texmf-cache/luametatex-cache/context/5fe67e0bfe781ce0dde776fb1556f32e
mkxl run stats  > resource resolver: loadtime 0.004 seconds, 0 scans with scantime 0.000 seconds, 0 shared scans, 42 found files, scanned paths: <none>
mkxl run stats  > stored bytecode data: 532 modules (0.235 sec), 106 tables (0.016 sec), 638 chunks (0.251 sec)
mkxl run stats  > traced context lua functions: maxstack: 1900, freed: 3, unreachable: 1897
mkxl run stats  > cleaned up reserved nodes: 94 nodes, 9 lists of 446
mkxl run stats  > node memory usage: 173 attribute, 67 attributelist, 14 fontspec, 1 glue, 136 gluespec, 1 kern, 661 mathspec, 2 penalty, 49 specification, 2 temp
mkxl run stats  > node list callback tasks: 17 unique task lists, 15 instances (re)created, 3636 calls
mkxl run stats  > driver time: 0.059 seconds 
mkxl run stats  > used backend: pdf
mkxl run stats  > randomizer: resumed with value 0.041547061896286763
mkxl run stats  > jobdata time: 0.007 seconds saving, 0.002 seconds loading
mkxl run stats  > callbacks: file: 701, saved: 3672, direct: 52, function: 5082, value: 1349, message: 0, bytecode: 638, late 0, total: 11494 (766 per page)
mkxl run stats  > loaded patterns: en::1, load time: 0.000
mkxl run stats  > interactive elements: 25 references, 39 destinations
mkxl run stats  > loaded fonts: 6 files: latinmodernmathcompanion-regular.otf, latinmodern-math.otf, lmmono10-regular.otf, lmmonolt10-bold.otf, lmroman10-bold.otf, lmroman10-regular.otf
mkxl run stats  > font engine: otf 3.150, afm 1.541, tfm 1.000, 9 instances, 3 shared in backend, 3 common vectors, 0 common hashes, load time 0.132 seconds 
mkxl run stats  > metapost: 0.029 seconds, loading: 0.041, execution: 0.013, n: 52, average: 0.002, instances: 1, luacalls: 16659 (file: 15732, text: 0, script: 613, log: 314), memory: 0.000 M
mkxl run stats  > math tweaking time: 0.044 seconds, 6 math goodie tables
mkxl run stats  > graphics processing time: 0.081 seconds including tex, 26 processed images, 26 unique asked, 2 bad names
mkxl run stats  > pdf annotations: 25 links (25 unique), 0 special
mkxl run stats  > font embedding time: 0.009 seconds, 6 fonts
mkxl run stats  > pdf compacting: 0.028 seconds for 26 inclusions
mkxl run stats  > result saved in file: snail-tutorial.pdf, compresslevel 1, objectcompresslevel 3, 164 streams, 94 uncompressed, 69 compressed, 1 not compressed, threshold 40
mkxl run stats  > positions: 154 collected, 101 deltas, 123 shared partials, 5 partial entries
mkxl run stats  > used platform: linux-64, type: unix, binary subtree: texmf-linux-64
mkxl run stats  > used engine: luametatex version: 2.11.08, functionality level: 20260217, format id: 729, memory mode: 1, compiler: gcc
mkxl run stats  > tex properties: 495862 hash slots used of 2097152, 54128 control sequences, approximate memory usage: 113 MB
mkxl run stats  > lua properties: engine: lua 5.5, format 5, used memory: 50 MB, ctx: 47 MB, max: 56 MB, symbol mask: utf (τεχ)
mkxl run stats  > runtime: 1.001 seconds, 15 processed pages, 15 shipped pages, 14.982 pages/second
